f:\mygamesdk\opengl-naturalengine\naturalengine\x64\debug\vc141.pdb
f:\mygamesdk\opengl-naturalengine\naturalengine\x64\debug\vc141.idb
f:\mygamesdk\opengl-naturalengine\naturalengine\x64\debug\glad.obj
f:\mygamesdk\opengl-naturalengine\naturalengine\x64\debug\imgui_draw.obj
f:\mygamesdk\opengl-naturalengine\naturalengine\x64\debug\imgui_demo.obj
f:\mygamesdk\opengl-naturalengine\naturalengine\x64\debug\imgui.obj
f:\mygamesdk\opengl-naturalengine\naturalengine\x64\debug\window.obj
f:\mygamesdk\opengl-naturalengine\naturalengine\x64\debug\utils.obj
f:\mygamesdk\opengl-naturalengine\naturalengine\x64\debug\texture.obj
f:\mygamesdk\opengl-naturalengine\naturalengine\x64\debug\shader.obj
f:\mygamesdk\opengl-naturalengine\naturalengine\x64\debug\screenspaceshader.obj
f:\mygamesdk\opengl-naturalengine\naturalengine\x64\debug\glerror.obj
f:\mygamesdk\opengl-naturalengine\naturalengine\x64\debug\buffer.obj
f:\mygamesdk\opengl-naturalengine\naturalengine\x64\debug\baseshader.obj
f:\mygamesdk\opengl-naturalengine\naturalengine\x64\debug\water.obj
f:\mygamesdk\opengl-naturalengine\naturalengine\x64\debug\volumetricclouds.obj
f:\mygamesdk\opengl-naturalengine\naturalengine\x64\debug\terrain.obj
f:\mygamesdk\opengl-naturalengine\naturalengine\x64\debug\skybox.obj
f:\mygamesdk\opengl-naturalengine\naturalengine\x64\debug\gui.obj
f:\mygamesdk\opengl-naturalengine\naturalengine\x64\debug\drawableobject.obj
f:\mygamesdk\opengl-naturalengine\naturalengine\x64\debug\cloudsmodel.obj
f:\mygamesdk\opengl-naturalengine\naturalengine\x64\debug\stb_image_write.obj
f:\mygamesdk\opengl-naturalengine\naturalengine\x64\debug\stb_image.obj
f:\mygamesdk\opengl-naturalengine\naturalengine\x64\debug\main.obj
f:\mygamesdk\opengl-naturalengine\naturalengine\x64\debug\imgui_widgets.obj
f:\mygamesdk\opengl-naturalengine\naturalengine\x64\debug\imgui_impl_opengl3.obj
f:\mygamesdk\opengl-naturalengine\naturalengine\x64\debug\imgui_impl_glfw.obj
f:\mygamesdk\opengl-naturalengine\x64\debug\naturalengine.ilk
f:\mygamesdk\opengl-naturalengine\x64\debug\naturalengine.exe
f:\mygamesdk\opengl-naturalengine\x64\debug\naturalengine.pdb
f:\mygamesdk\opengl-naturalengine\naturalengine\x64\debug\naturalengine.tlog\cl.command.1.tlog
f:\mygamesdk\opengl-naturalengine\naturalengine\x64\debug\naturalengine.tlog\cl.read.1.tlog
f:\mygamesdk\opengl-naturalengine\naturalengine\x64\debug\naturalengine.tlog\cl.write.1.tlog
f:\mygamesdk\opengl-naturalengine\naturalengine\x64\debug\naturalengine.tlog\link.command.1.tlog
f:\mygamesdk\opengl-naturalengine\naturalengine\x64\debug\naturalengine.tlog\link.read.1.tlog
f:\mygamesdk\opengl-naturalengine\naturalengine\x64\debug\naturalengine.tlog\link.write.1.tlog
