  buffer.cpp
f:\mygamesdk\opengl-naturalengine\naturalengine\camera.h(126): warning C4305: “=”: 从“double”到“T”截断
          with
          [
              T=float
          ]
f:\mygamesdk\opengl-naturalengine\naturalengine\camera.h(127): warning C4305: “=”: 从“double”到“T”截断
          with
          [
              T=float
          ]
f:\mygamesdk\opengl-naturalengine\naturalengine\camera.h(128): warning C4305: “=”: 从“double”到“T”截断
          with
          [
              T=float
          ]
f:\mygamesdk\opengl-naturalengine\naturalengine\camera.h(129): warning C4305: “=”: 从“double”到“T”截断
          with
          [
              T=float
          ]
f:\mygamesdk\opengl-naturalengine\naturalengine\camera.h(133): warning C4244: “初始化”: 从“double”转换到“float”，可能丢失数据
f:\mygamesdk\opengl-naturalengine\naturalengine\camera.h(150): warning C4305: “参数”: 从“double”到“float”截断
f:\mygamesdk\opengl-naturalengine\naturalengine\engine\buffer.cpp(129): warning C4018: “<”: 有符号/无符号不匹配
  Window.cpp
f:\mygamesdk\opengl-naturalengine\naturalengine\camera.h(126): warning C4305: “=”: 从“double”到“T”截断
          with
          [
              T=float
          ]
f:\mygamesdk\opengl-naturalengine\naturalengine\camera.h(127): warning C4305: “=”: 从“double”到“T”截断
          with
          [
              T=float
          ]
f:\mygamesdk\opengl-naturalengine\naturalengine\camera.h(128): warning C4305: “=”: 从“double”到“T”截断
          with
          [
              T=float
          ]
f:\mygamesdk\opengl-naturalengine\naturalengine\camera.h(129): warning C4305: “=”: 从“double”到“T”截断
          with
          [
              T=float
          ]
f:\mygamesdk\opengl-naturalengine\naturalengine\camera.h(133): warning C4244: “初始化”: 从“double”转换到“float”，可能丢失数据
f:\mygamesdk\opengl-naturalengine\naturalengine\camera.h(150): warning C4305: “参数”: 从“double”到“float”截断
f:\mygamesdk\opengl-naturalengine\naturalengine\engine\window.cpp(11): warning C4244: “初始化”: 从“unsigned int”转换到“float”，可能丢失数据
f:\mygamesdk\opengl-naturalengine\naturalengine\engine\window.cpp(12): warning C4244: “初始化”: 从“unsigned int”转换到“float”，可能丢失数据
f:\mygamesdk\opengl-naturalengine\naturalengine\engine\window.cpp(113): warning C4244: “=”: 从“double”转换到“float”，可能丢失数据
f:\mygamesdk\opengl-naturalengine\naturalengine\engine\window.cpp(114): warning C4244: “=”: 从“double”转换到“float”，可能丢失数据
f:\mygamesdk\opengl-naturalengine\naturalengine\engine\window.cpp(118): warning C4244: “初始化”: 从“double”转换到“float”，可能丢失数据
f:\mygamesdk\opengl-naturalengine\naturalengine\engine\window.cpp(119): warning C4244: “初始化”: 从“double”转换到“float”，可能丢失数据
f:\mygamesdk\opengl-naturalengine\naturalengine\engine\window.cpp(130): warning C4244: “参数”: 从“double”转换到“float”，可能丢失数据
  Main.cpp
f:\mygamesdk\opengl-naturalengine\naturalengine\camera.h(126): warning C4305: “=”: 从“double”到“T”截断
          with
          [
              T=float
          ]
f:\mygamesdk\opengl-naturalengine\naturalengine\camera.h(127): warning C4305: “=”: 从“double”到“T”截断
          with
          [
              T=float
          ]
f:\mygamesdk\opengl-naturalengine\naturalengine\camera.h(128): warning C4305: “=”: 从“double”到“T”截断
          with
          [
              T=float
          ]
f:\mygamesdk\opengl-naturalengine\naturalengine\camera.h(129): warning C4305: “=”: 从“double”到“T”截断
          with
          [
              T=float
          ]
f:\mygamesdk\opengl-naturalengine\naturalengine\camera.h(133): warning C4244: “初始化”: 从“double”转换到“float”，可能丢失数据
f:\mygamesdk\opengl-naturalengine\naturalengine\camera.h(150): warning C4305: “参数”: 从“double”到“float”截断
  正在生成代码...
LINK : warning LNK4098: 默认库“MSVCRT”与其他库的使用冲突；请使用 /NODEFAULTLIB:library
  NaturalEngine.vcxproj -> F:\MyGameSDK\OpenGL-NaturalEngine\x64\Debug\NaturalEngine.exe
